--prepared:/Users/austinwang/Library/Developer/Xcode/DerivedData/cmux-issue-7851-synology-scp-sftp/Build/Products/Debug/cmux DEV issue-7851-synology-scp-sftp.app/Contents/MacOS/__preview.dylib
--validated:/Users/austinwang/Library/Developer/Xcode/DerivedData/cmux-issue-7851-synology-scp-sftp/Build/Products/Debug/cmux DEV issue-7851-synology-scp-sftp.app/Contents/MacOS/__preview.dylib
--prepared:/Users/austinwang/Library/Developer/Xcode/DerivedData/cmux-issue-7851-synology-scp-sftp/Build/Products/Debug/cmux DEV issue-7851-synology-scp-sftp.app/Contents/PlugIns/CmuxDockTilePlugin.plugin
--validated:/Users/austinwang/Library/Developer/Xcode/DerivedData/cmux-issue-7851-synology-scp-sftp/Build/Products/Debug/cmux DEV issue-7851-synology-scp-sftp.app/Contents/PlugIns/CmuxDockTilePlugin.plugin
--prepared:/Users/austinwang/Library/Developer/Xcode/DerivedData/cmux-issue-7851-synology-scp-sftp/Build/Products/Debug/cmux DEV issue-7851-synology-scp-sftp.app/Contents/Frameworks/Sparkle.framework/Versions/Current/.
--prepared:/Users/austinwang/Library/Developer/Xcode/DerivedData/cmux-issue-7851-synology-scp-sftp/Build/Products/Debug/cmux DEV issue-7851-synology-scp-sftp.app/Contents/Frameworks/Sparkle.framework/Versions/Current/Autoupdate
--validated:/Users/austinwang/Library/Developer/Xcode/DerivedData/cmux-issue-7851-synology-scp-sftp/Build/Products/Debug/cmux DEV issue-7851-synology-scp-sftp.app/Contents/Frameworks/Sparkle.framework/Versions/Current/Autoupdate
--prepared:/Users/austinwang/Library/Developer/Xcode/DerivedData/cmux-issue-7851-synology-scp-sftp/Build/Products/Debug/cmux DEV issue-7851-synology-scp-sftp.app/Contents/Frameworks/Sparkle.framework/Versions/Current/Updater.app
--prepared:/Users/austinwang/Library/Developer/Xcode/DerivedData/cmux-issue-7851-synology-scp-sftp/Build/Products/Debug/cmux DEV issue-7851-synology-scp-sftp.app/Contents/Frameworks/Sparkle.framework/Versions/Current/XPCServices/Downloader.xpc
--validated:/Users/austinwang/Library/Developer/Xcode/DerivedData/cmux-issue-7851-synology-scp-sftp/Build/Products/Debug/cmux DEV issue-7851-synology-scp-sftp.app/Contents/Frameworks/Sparkle.framework/Versions/Current/Updater.app
--prepared:/Users/austinwang/Library/Developer/Xcode/DerivedData/cmux-issue-7851-synology-scp-sftp/Build/Products/Debug/cmux DEV issue-7851-synology-scp-sftp.app/Contents/Frameworks/Sparkle.framework/Versions/Current/XPCServices/Installer.xpc
--validated:/Users/austinwang/Library/Developer/Xcode/DerivedData/cmux-issue-7851-synology-scp-sftp/Build/Products/Debug/cmux DEV issue-7851-synology-scp-sftp.app/Contents/Frameworks/Sparkle.framework/Versions/Current/XPCServices/Downloader.xpc
--validated:/Users/austinwang/Library/Developer/Xcode/DerivedData/cmux-issue-7851-synology-scp-sftp/Build/Products/Debug/cmux DEV issue-7851-synology-scp-sftp.app/Contents/Frameworks/Sparkle.framework/Versions/Current/XPCServices/Installer.xpc
--validated:/Users/austinwang/Library/Developer/Xcode/DerivedData/cmux-issue-7851-synology-scp-sftp/Build/Products/Debug/cmux DEV issue-7851-synology-scp-sftp.app/Contents/Frameworks/Sparkle.framework/Versions/Current/.
--prepared:/Users/austinwang/Library/Developer/Xcode/DerivedData/cmux-issue-7851-synology-scp-sftp/Build/Products/Debug/cmux DEV issue-7851-synology-scp-sftp.app/Contents/Frameworks/Iroh.framework/Versions/Current/.
--prepared:/Users/austinwang/Library/Developer/Xcode/DerivedData/cmux-issue-7851-synology-scp-sftp/Build/Products/Debug/cmux DEV issue-7851-synology-scp-sftp.app/Contents/Frameworks/Sentry.framework/Versions/Current/.
--validated:/Users/austinwang/Library/Developer/Xcode/DerivedData/cmux-issue-7851-synology-scp-sftp/Build/Products/Debug/cmux DEV issue-7851-synology-scp-sftp.app/Contents/Frameworks/Iroh.framework/Versions/Current/.
--prepared:/Users/austinwang/Library/Developer/Xcode/DerivedData/cmux-issue-7851-synology-scp-sftp/Build/Products/Debug/cmux DEV issue-7851-synology-scp-sftp.app/Contents/Frameworks/libcmux_command_palette_nucleo_ffi.dylib
--validated:/Users/austinwang/Library/Developer/Xcode/DerivedData/cmux-issue-7851-synology-scp-sftp/Build/Products/Debug/cmux DEV issue-7851-synology-scp-sftp.app/Contents/Frameworks/libcmux_command_palette_nucleo_ffi.dylib
--validated:/Users/austinwang/Library/Developer/Xcode/DerivedData/cmux-issue-7851-synology-scp-sftp/Build/Products/Debug/cmux DEV issue-7851-synology-scp-sftp.app/Contents/Frameworks/Sentry.framework/Versions/Current/.
--prepared:/Users/austinwang/Library/Developer/Xcode/DerivedData/cmux-issue-7851-synology-scp-sftp/Build/Products/Debug/cmux DEV issue-7851-synology-scp-sftp.app/Contents/MacOS/cmux DEV.debug.dylib
--validated:/Users/austinwang/Library/Developer/Xcode/DerivedData/cmux-issue-7851-synology-scp-sftp/Build/Products/Debug/cmux DEV issue-7851-synology-scp-sftp.app/Contents/MacOS/cmux DEV.debug.dylib
/Users/austinwang/Library/Developer/Xcode/DerivedData/cmux-issue-7851-synology-scp-sftp/Build/Products/Debug/cmux DEV issue-7851-synology-scp-sftp.app: valid on disk
/Users/austinwang/Library/Developer/Xcode/DerivedData/cmux-issue-7851-synology-scp-sftp/Build/Products/Debug/cmux DEV issue-7851-synology-scp-sftp.app: satisfies its Designated Requirement
